<?xml version="1.0" encoding="UTF-8"?>
<testsuite xmlns:xsi="http://www.w3.org/2001/XMLSchema-instance" xsi:noNamespaceSchemaLocation="https://maven.apache.org/surefire/maven-surefire-plugin/xsd/surefire-test-report.xsd" name="mock.contract.ConsumerUsingProxyRewriteSslTest" time="1.846" tests="1" errors="0" skipped="0" failures="0">
  <properties>
    <property name="gopherProxySet" value="false"/>
    <property name="awt.toolkit" value="sun.lwawt.macosx.LWCToolkit"/>
    <property name="file.encoding.pkg" value="sun.io"/>
    <property name="java.specification.version" value="1.8"/>
    <property name="sun.cpu.isalist" value=""/>
    <property name="sun.jnu.encoding" value="UTF-8"/>
    <property name="java.class.path" value="/Users/samuel.lucas/projetos-automacao/karate/karate-demo/target/test-classes:/Users/samuel.lucas/projetos-automacao/karate/karate-demo/target/generated-classes/cobertura:/Users/samuel.lucas/.m2/repository/org/springframework/boot/spring-boot-starter-websocket/1.5.16.RELEASE/spring-boot-starter-websocket-1.5.16.RELEASE.jar:/Users/samuel.lucas/.m2/repository/org/springframework/boot/spring-boot-starter/1.5.16.RELEASE/spring-boot-starter-1.5.16.RELEASE.jar:/Users/samuel.lucas/.m2/repository/org/springframework/boot/spring-boot/1.5.16.RELEASE/spring-boot-1.5.16.RELEASE.jar:/Users/samuel.lucas/.m2/repository/org/springframework/boot/spring-boot-autoconfigure/1.5.16.RELEASE/spring-boot-autoconfigure-1.5.16.RELEASE.jar:/Users/samuel.lucas/.m2/repository/org/springframework/boot/spring-boot-starter-logging/1.5.16.RELEASE/spring-boot-starter-logging-1.5.16.RELEASE.jar:/Users/samuel.lucas/.m2/repository/org/slf4j/jul-to-slf4j/1.7.25/jul-to-slf4j-1.7.25.jar:/Users/samuel.lucas/.m2/repository/org/slf4j/log4j-over-slf4j/1.7.25/log4j-over-slf4j-1.7.25.jar:/Users/samuel.lucas/.m2/repository/org/yaml/snakeyaml/1.17/snakeyaml-1.17.jar:/Users/samuel.lucas/.m2/repository/org/springframework/boot/spring-boot-starter-web/1.5.16.RELEASE/spring-boot-starter-web-1.5.16.RELEASE.jar:/Users/samuel.lucas/.m2/repository/org/springframework/boot/spring-boot-starter-tomcat/1.5.16.RELEASE/spring-boot-starter-tomcat-1.5.16.RELEASE.jar:/Users/samuel.lucas/.m2/repository/org/apache/tomcat/embed/tomcat-embed-core/8.5.34/tomcat-embed-core-8.5.34.jar:/Users/samuel.lucas/.m2/repository/org/apache/tomcat/tomcat-annotations-api/8.5.34/tomcat-annotations-api-8.5.34.jar:/Users/samuel.lucas/.m2/repository/org/apache/tomcat/embed/tomcat-embed-el/8.5.34/tomcat-embed-el-8.5.34.jar:/Users/samuel.lucas/.m2/repository/org/apache/tomcat/embed/tomcat-embed-websocket/8.5.34/tomcat-embed-websocket-8.5.34.jar:/Users/samuel.lucas/.m2/repository/org/hibernate/hibernate-validator/5.3.6.Final/hibernate-validator-5.3.6.Final.jar:/Users/samuel.lucas/.m2/repository/javax/validation/validation-api/1.1.0.Final/validation-api-1.1.0.Final.jar:/Users/samuel.lucas/.m2/repository/org/jboss/logging/jboss-logging/3.3.0.Final/jboss-logging-3.3.0.Final.jar:/Users/samuel.lucas/.m2/repository/com/fasterxml/classmate/1.3.1/classmate-1.3.1.jar:/Users/samuel.lucas/.m2/repository/org/springframework/spring-web/4.3.19.RELEASE/spring-web-4.3.19.RELEASE.jar:/Users/samuel.lucas/.m2/repository/org/springframework/spring-webmvc/4.3.19.RELEASE/spring-webmvc-4.3.19.RELEASE.jar:/Users/samuel.lucas/.m2/repository/org/springframework/spring-messaging/4.3.19.RELEASE/spring-messaging-4.3.19.RELEASE.jar:/Users/samuel.lucas/.m2/repository/org/springframework/spring-context/4.3.19.RELEASE/spring-context-4.3.19.RELEASE.jar:/Users/samuel.lucas/.m2/repository/org/springframework/spring-websocket/4.3.19.RELEASE/spring-websocket-4.3.19.RELEASE.jar:/Users/samuel.lucas/.m2/repository/org/springframework/boot/spring-boot-starter-security/1.5.16.RELEASE/spring-boot-starter-security-1.5.16.RELEASE.jar:/Users/samuel.lucas/.m2/repository/org/springframework/spring-aop/4.3.19.RELEASE/spring-aop-4.3.19.RELEASE.jar:/Users/samuel.lucas/.m2/repository/org/springframework/security/spring-security-config/4.2.8.RELEASE/spring-security-config-4.2.8.RELEASE.jar:/Users/samuel.lucas/.m2/repository/org/springframework/security/spring-security-core/4.2.8.RELEASE/spring-security-core-4.2.8.RELEASE.jar:/Users/samuel.lucas/.m2/repository/org/springframework/security/spring-security-web/4.2.8.RELEASE/spring-security-web-4.2.8.RELEASE.jar:/Users/samuel.lucas/.m2/repository/org/springframework/spring-expression/4.3.19.RELEASE/spring-expression-4.3.19.RELEASE.jar:/Users/samuel.lucas/.m2/repository/org/springframework/spring-jdbc/4.3.8.RELEASE/spring-jdbc-4.3.8.RELEASE.jar:/Users/samuel.lucas/.m2/repository/org/springframework/spring-beans/4.3.8.RELEASE/spring-beans-4.3.8.RELEASE.jar:/Users/samuel.lucas/.m2/repository/org/springframework/spring-core/4.3.8.RELEASE/spring-core-4.3.8.RELEASE.jar:/Users/samuel.lucas/.m2/repository/commons-logging/commons-logging/1.2/commons-logging-1.2.jar:/Users/samuel.lucas/.m2/repository/org/springframework/spring-tx/4.3.8.RELEASE/spring-tx-4.3.8.RELEASE.jar:/Users/samuel.lucas/.m2/repository/com/h2database/h2/1.4.196/h2-1.4.196.jar:/Users/samuel.lucas/.m2/repository/commons-io/commons-io/2.5/commons-io-2.5.jar:/Users/samuel.lucas/.m2/repository/com/github/java-json-tools/json-schema-validator/2.2.8/json-schema-validator-2.2.8.jar:/Users/samuel.lucas/.m2/repository/com/github/java-json-tools/json-schema-core/1.2.8/json-schema-core-1.2.8.jar:/Users/samuel.lucas/.m2/repository/org/mozilla/rhino/1.7R4/rhino-1.7R4.jar:/Users/samuel.lucas/.m2/repository/com/github/fge/jackson-coreutils/1.8/jackson-coreutils-1.8.jar:/Users/samuel.lucas/.m2/repository/com/github/fge/msg-simple/1.1/msg-simple-1.1.jar:/Users/samuel.lucas/.m2/repository/com/github/fge/btf/1.2/btf-1.2.jar:/Users/samuel.lucas/.m2/repository/com/github/fge/uri-template/0.9/uri-template-0.9.jar:/Users/samuel.lucas/.m2/repository/javax/mail/mailapi/1.4.3/mailapi-1.4.3.jar:/Users/samuel.lucas/.m2/repository/javax/activation/activation/1.1/activation-1.1.jar:/Users/samuel.lucas/.m2/repository/joda-time/joda-time/2.9.7/joda-time-2.9.7.jar:/Users/samuel.lucas/.m2/repository/com/googlecode/libphonenumber/libphonenumber/8.0.0/libphonenumber-8.0.0.jar:/Users/samuel.lucas/.m2/repository/com/google/code/findbugs/jsr305/3.0.1/jsr305-3.0.1.jar:/Users/samuel.lucas/.m2/repository/net/sf/jopt-simple/jopt-simple/5.0.3/jopt-simple-5.0.3.jar:/Users/samuel.lucas/.m2/repository/com/intuit/karate/karate-junit4/0.9.1/karate-junit4-0.9.1.jar:/Users/samuel.lucas/.m2/repository/com/intuit/karate/karate-core/0.9.1/karate-core-0.9.1.jar:/Users/samuel.lucas/.m2/repository/com/jayway/jsonpath/json-path/2.1.0/json-path-2.1.0.jar:/Users/samuel.lucas/.m2/repository/net/minidev/json-smart/2.2/json-smart-2.2.jar:/Users/samuel.lucas/.m2/repository/net/minidev/accessors-smart/1.1/accessors-smart-1.1.jar:/Users/samuel.lucas/.m2/repository/org/ow2/asm/asm/5.0.3/asm-5.0.3.jar:/Users/samuel.lucas/.m2/repository/info/cukes/cucumber-java/1.2.5/cucumber-java-1.2.5.jar:/Users/samuel.lucas/.m2/repository/info/cukes/cucumber-core/1.2.5/cucumber-core-1.2.5.jar:/Users/samuel.lucas/.m2/repository/de/siegmar/fastcsv/1.0.3/fastcsv-1.0.3.jar:/Users/samuel.lucas/.m2/repository/info/picocli/picocli/3.0.1/picocli-3.0.1.jar:/Users/samuel.lucas/.m2/repository/junit/junit/4.12/junit-4.12.jar:/Users/samuel.lucas/.m2/repository/org/hamcrest/hamcrest-core/1.3/hamcrest-core-1.3.jar:/Users/samuel.lucas/.m2/repository/com/intuit/karate/karate-apache/0.9.1/karate-apache-0.9.1.jar:/Users/samuel.lucas/.m2/repository/org/apache/httpcomponents/httpclient/4.5.5/httpclient-4.5.5.jar:/Users/samuel.lucas/.m2/repository/org/apache/httpcomponents/httpcore/4.4.9/httpcore-4.4.9.jar:/Users/samuel.lucas/.m2/repository/commons-codec/commons-codec/1.10/commons-codec-1.10.jar:/Users/samuel.lucas/.m2/repository/org/apache/httpcomponents/httpmime/4.5.5/httpmime-4.5.5.jar:/Users/samuel.lucas/.m2/repository/org/slf4j/jcl-over-slf4j/1.7.25/jcl-over-slf4j-1.7.25.jar:/Users/samuel.lucas/.m2/repository/net/masterthought/cucumber-reporting/3.8.0/cucumber-reporting-3.8.0.jar:/Users/samuel.lucas/.m2/repository/org/apache/logging/log4j/log4j-api/2.6/log4j-api-2.6.jar:/Users/samuel.lucas/.m2/repository/org/apache/logging/log4j/log4j-core/2.6/log4j-core-2.6.jar:/Users/samuel.lucas/.m2/repository/com/fasterxml/jackson/core/jackson-databind/2.8.5/jackson-databind-2.8.5.jar:/Users/samuel.lucas/.m2/repository/com/fasterxml/jackson/core/jackson-annotations/2.8.0/jackson-annotations-2.8.0.jar:/Users/samuel.lucas/.m2/repository/com/fasterxml/jackson/core/jackson-core/2.8.5/jackson-core-2.8.5.jar:/Users/samuel.lucas/.m2/repository/org/apache/velocity/velocity/1.7/velocity-1.7.jar:/Users/samuel.lucas/.m2/repository/commons-collections/commons-collections/3.2.1/commons-collections-3.2.1.jar:/Users/samuel.lucas/.m2/repository/commons-lang/commons-lang/2.4/commons-lang-2.4.jar:/Users/samuel.lucas/.m2/repository/velocity-tools/velocity-tools/1.4/velocity-tools-1.4.jar:/Users/samuel.lucas/.m2/repository/org/apache/commons/commons-lang3/3.5/commons-lang3-3.5.jar:/Users/samuel.lucas/.m2/repository/net/lingala/zip4j/zip4j/1.3.2/zip4j-1.3.2.jar:/Users/samuel.lucas/.m2/repository/org/codehaus/plexus/plexus-utils/3.0.24/plexus-utils-3.0.24.jar:/Users/samuel.lucas/.m2/repository/org/jsoup/jsoup/1.10.1/jsoup-1.10.1.jar:/Users/samuel.lucas/.m2/repository/com/googlecode/owasp-java-html-sanitizer/owasp-java-html-sanitizer/20160924.1/owasp-java-html-sanitizer-20160924.1.jar:/Users/samuel.lucas/.m2/repository/com/google/guava/guava/20.0/guava-20.0.jar:/Users/samuel.lucas/.m2/repository/org/apache/activemq/activemq-broker/5.15.6/activemq-broker-5.15.6.jar:/Users/samuel.lucas/.m2/repository/org/apache/activemq/activemq-openwire-legacy/5.15.6/activemq-openwire-legacy-5.15.6.jar:/Users/samuel.lucas/.m2/repository/org/apache/activemq/activemq-client/5.15.6/activemq-client-5.15.6.jar:/Users/samuel.lucas/.m2/repository/org/slf4j/slf4j-api/1.7.25/slf4j-api-1.7.25.jar:/Users/samuel.lucas/.m2/repository/org/fusesource/hawtbuf/hawtbuf/1.11/hawtbuf-1.11.jar:/Users/samuel.lucas/.m2/repository/org/apache/geronimo/specs/geronimo-j2ee-management_1.1_spec/1.0.1/geronimo-j2ee-management_1.1_spec-1.0.1.jar:/Users/samuel.lucas/.m2/repository/org/apache/activemq/activemq-kahadb-store/5.15.6/activemq-kahadb-store-5.15.6.jar:/Users/samuel.lucas/.m2/repository/org/apache/activemq/protobuf/activemq-protobuf/1.1/activemq-protobuf-1.1.jar:/Users/samuel.lucas/.m2/repository/commons-net/commons-net/3.6/commons-net-3.6.jar:/Users/samuel.lucas/.m2/repository/org/apache/geronimo/specs/geronimo-jms_1.1_spec/1.1.1/geronimo-jms_1.1_spec-1.1.1.jar:/Users/samuel.lucas/.m2/repository/ch/qos/logback/logback-classic/1.2.3/logback-classic-1.2.3.jar:/Users/samuel.lucas/.m2/repository/ch/qos/logback/logback-core/1.2.3/logback-core-1.2.3.jar:/Users/samuel.lucas/.m2/repository/net/sourceforge/cobertura/cobertura/2.1.1/cobertura-2.1.1.jar:/Users/samuel.lucas/.m2/repository/jaxen/jaxen/1.1.4/jaxen-1.1.4.jar:/Users/samuel.lucas/.m2/repository/org/apache/ant/ant/1.8.3/ant-1.8.3.jar:/Users/samuel.lucas/.m2/repository/org/apache/ant/ant-launcher/1.8.3/ant-launcher-1.8.3.jar:/Users/samuel.lucas/.m2/repository/org/apache/ant/ant-junit/1.8.3/ant-junit-1.8.3.jar:/Users/samuel.lucas/.m2/repository/org/mortbay/jetty/servlet-api-2.5/6.1.14/servlet-api-2.5-6.1.14.jar:/Users/samuel.lucas/.m2/repository/org/mortbay/jetty/jetty/6.1.14/jetty-6.1.14.jar:/Users/samuel.lucas/.m2/repository/org/mortbay/jetty/jetty-util/6.1.14/jetty-util-6.1.14.jar:/Library/Java/JavaVirtualMachines/jdk1.8.0_181.jdk/Contents/Home/jre/../lib/tools.jar:"/>
    <property name="java.vm.vendor" value="Oracle Corporation"/>
    <property name="sun.arch.data.model" value="64"/>
    <property name="java.vendor.url" value="http://java.oracle.com/"/>
    <property name="user.timezone" value=""/>
    <property name="java.vm.specification.version" value="1.8"/>
    <property name="os.name" value="Mac OS X"/>
    <property name="user.country" value="BR"/>
    <property name="sun.java.launcher" value="SUN_STANDARD"/>
    <property name="sun.boot.library.path" value="/Library/Java/JavaVirtualMachines/jdk1.8.0_181.jdk/Contents/Home/jre/lib"/>
    <property name="sun.java.command" value="/Users/samuel.lucas/projetos-automacao/karate/karate-demo/target/surefire/surefirebooter2371314280663844403.jar /Users/samuel.lucas/projetos-automacao/karate/karate-demo/target/surefire 2019-04-09T11-04-46_220-jvmRun1 surefire3368298721337980668tmp surefire_06154623523797396066tmp"/>
    <property name="http.nonProxyHosts" value="local|*.local|169.254/16|*.169.254/16"/>
    <property name="surefire.test.class.path" value="/Users/samuel.lucas/projetos-automacao/karate/karate-demo/target/test-classes:/Users/samuel.lucas/projetos-automacao/karate/karate-demo/target/generated-classes/cobertura:/Users/samuel.lucas/.m2/repository/org/springframework/boot/spring-boot-starter-websocket/1.5.16.RELEASE/spring-boot-starter-websocket-1.5.16.RELEASE.jar:/Users/samuel.lucas/.m2/repository/org/springframework/boot/spring-boot-starter/1.5.16.RELEASE/spring-boot-starter-1.5.16.RELEASE.jar:/Users/samuel.lucas/.m2/repository/org/springframework/boot/spring-boot/1.5.16.RELEASE/spring-boot-1.5.16.RELEASE.jar:/Users/samuel.lucas/.m2/repository/org/springframework/boot/spring-boot-autoconfigure/1.5.16.RELEASE/spring-boot-autoconfigure-1.5.16.RELEASE.jar:/Users/samuel.lucas/.m2/repository/org/springframework/boot/spring-boot-starter-logging/1.5.16.RELEASE/spring-boot-starter-logging-1.5.16.RELEASE.jar:/Users/samuel.lucas/.m2/repository/org/slf4j/jul-to-slf4j/1.7.25/jul-to-slf4j-1.7.25.jar:/Users/samuel.lucas/.m2/repository/org/slf4j/log4j-over-slf4j/1.7.25/log4j-over-slf4j-1.7.25.jar:/Users/samuel.lucas/.m2/repository/org/yaml/snakeyaml/1.17/snakeyaml-1.17.jar:/Users/samuel.lucas/.m2/repository/org/springframework/boot/spring-boot-starter-web/1.5.16.RELEASE/spring-boot-starter-web-1.5.16.RELEASE.jar:/Users/samuel.lucas/.m2/repository/org/springframework/boot/spring-boot-starter-tomcat/1.5.16.RELEASE/spring-boot-starter-tomcat-1.5.16.RELEASE.jar:/Users/samuel.lucas/.m2/repository/org/apache/tomcat/embed/tomcat-embed-core/8.5.34/tomcat-embed-core-8.5.34.jar:/Users/samuel.lucas/.m2/repository/org/apache/tomcat/tomcat-annotations-api/8.5.34/tomcat-annotations-api-8.5.34.jar:/Users/samuel.lucas/.m2/repository/org/apache/tomcat/embed/tomcat-embed-el/8.5.34/tomcat-embed-el-8.5.34.jar:/Users/samuel.lucas/.m2/repository/org/apache/tomcat/embed/tomcat-embed-websocket/8.5.34/tomcat-embed-websocket-8.5.34.jar:/Users/samuel.lucas/.m2/repository/org/hibernate/hibernate-validator/5.3.6.Final/hibernate-validator-5.3.6.Final.jar:/Users/samuel.lucas/.m2/repository/javax/validation/validation-api/1.1.0.Final/validation-api-1.1.0.Final.jar:/Users/samuel.lucas/.m2/repository/org/jboss/logging/jboss-logging/3.3.0.Final/jboss-logging-3.3.0.Final.jar:/Users/samuel.lucas/.m2/repository/com/fasterxml/classmate/1.3.1/classmate-1.3.1.jar:/Users/samuel.lucas/.m2/repository/org/springframework/spring-web/4.3.19.RELEASE/spring-web-4.3.19.RELEASE.jar:/Users/samuel.lucas/.m2/repository/org/springframework/spring-webmvc/4.3.19.RELEASE/spring-webmvc-4.3.19.RELEASE.jar:/Users/samuel.lucas/.m2/repository/org/springframework/spring-messaging/4.3.19.RELEASE/spring-messaging-4.3.19.RELEASE.jar:/Users/samuel.lucas/.m2/repository/org/springframework/spring-context/4.3.19.RELEASE/spring-context-4.3.19.RELEASE.jar:/Users/samuel.lucas/.m2/repository/org/springframework/spring-websocket/4.3.19.RELEASE/spring-websocket-4.3.19.RELEASE.jar:/Users/samuel.lucas/.m2/repository/org/springframework/boot/spring-boot-starter-security/1.5.16.RELEASE/spring-boot-starter-security-1.5.16.RELEASE.jar:/Users/samuel.lucas/.m2/repository/org/springframework/spring-aop/4.3.19.RELEASE/spring-aop-4.3.19.RELEASE.jar:/Users/samuel.lucas/.m2/repository/org/springframework/security/spring-security-config/4.2.8.RELEASE/spring-security-config-4.2.8.RELEASE.jar:/Users/samuel.lucas/.m2/repository/org/springframework/security/spring-security-core/4.2.8.RELEASE/spring-security-core-4.2.8.RELEASE.jar:/Users/samuel.lucas/.m2/repository/org/springframework/security/spring-security-web/4.2.8.RELEASE/spring-security-web-4.2.8.RELEASE.jar:/Users/samuel.lucas/.m2/repository/org/springframework/spring-expression/4.3.19.RELEASE/spring-expression-4.3.19.RELEASE.jar:/Users/samuel.lucas/.m2/repository/org/springframework/spring-jdbc/4.3.8.RELEASE/spring-jdbc-4.3.8.RELEASE.jar:/Users/samuel.lucas/.m2/repository/org/springframework/spring-beans/4.3.8.RELEASE/spring-beans-4.3.8.RELEASE.jar:/Users/samuel.lucas/.m2/repository/org/springframework/spring-core/4.3.8.RELEASE/spring-core-4.3.8.RELEASE.jar:/Users/samuel.lucas/.m2/repository/commons-logging/commons-logging/1.2/commons-logging-1.2.jar:/Users/samuel.lucas/.m2/repository/org/springframework/spring-tx/4.3.8.RELEASE/spring-tx-4.3.8.RELEASE.jar:/Users/samuel.lucas/.m2/repository/com/h2database/h2/1.4.196/h2-1.4.196.jar:/Users/samuel.lucas/.m2/repository/commons-io/commons-io/2.5/commons-io-2.5.jar:/Users/samuel.lucas/.m2/repository/com/github/java-json-tools/json-schema-validator/2.2.8/json-schema-validator-2.2.8.jar:/Users/samuel.lucas/.m2/repository/com/github/java-json-tools/json-schema-core/1.2.8/json-schema-core-1.2.8.jar:/Users/samuel.lucas/.m2/repository/org/mozilla/rhino/1.7R4/rhino-1.7R4.jar:/Users/samuel.lucas/.m2/repository/com/github/fge/jackson-coreutils/1.8/jackson-coreutils-1.8.jar:/Users/samuel.lucas/.m2/repository/com/github/fge/msg-simple/1.1/msg-simple-1.1.jar:/Users/samuel.lucas/.m2/repository/com/github/fge/btf/1.2/btf-1.2.jar:/Users/samuel.lucas/.m2/repository/com/github/fge/uri-template/0.9/uri-template-0.9.jar:/Users/samuel.lucas/.m2/repository/javax/mail/mailapi/1.4.3/mailapi-1.4.3.jar:/Users/samuel.lucas/.m2/repository/javax/activation/activation/1.1/activation-1.1.jar:/Users/samuel.lucas/.m2/repository/joda-time/joda-time/2.9.7/joda-time-2.9.7.jar:/Users/samuel.lucas/.m2/repository/com/googlecode/libphonenumber/libphonenumber/8.0.0/libphonenumber-8.0.0.jar:/Users/samuel.lucas/.m2/repository/com/google/code/findbugs/jsr305/3.0.1/jsr305-3.0.1.jar:/Users/samuel.lucas/.m2/repository/net/sf/jopt-simple/jopt-simple/5.0.3/jopt-simple-5.0.3.jar:/Users/samuel.lucas/.m2/repository/com/intuit/karate/karate-junit4/0.9.1/karate-junit4-0.9.1.jar:/Users/samuel.lucas/.m2/repository/com/intuit/karate/karate-core/0.9.1/karate-core-0.9.1.jar:/Users/samuel.lucas/.m2/repository/com/jayway/jsonpath/json-path/2.1.0/json-path-2.1.0.jar:/Users/samuel.lucas/.m2/repository/net/minidev/json-smart/2.2/json-smart-2.2.jar:/Users/samuel.lucas/.m2/repository/net/minidev/accessors-smart/1.1/accessors-smart-1.1.jar:/Users/samuel.lucas/.m2/repository/org/ow2/asm/asm/5.0.3/asm-5.0.3.jar:/Users/samuel.lucas/.m2/repository/info/cukes/cucumber-java/1.2.5/cucumber-java-1.2.5.jar:/Users/samuel.lucas/.m2/repository/info/cukes/cucumber-core/1.2.5/cucumber-core-1.2.5.jar:/Users/samuel.lucas/.m2/repository/de/siegmar/fastcsv/1.0.3/fastcsv-1.0.3.jar:/Users/samuel.lucas/.m2/repository/info/picocli/picocli/3.0.1/picocli-3.0.1.jar:/Users/samuel.lucas/.m2/repository/junit/junit/4.12/junit-4.12.jar:/Users/samuel.lucas/.m2/repository/org/hamcrest/hamcrest-core/1.3/hamcrest-core-1.3.jar:/Users/samuel.lucas/.m2/repository/com/intuit/karate/karate-apache/0.9.1/karate-apache-0.9.1.jar:/Users/samuel.lucas/.m2/repository/org/apache/httpcomponents/httpclient/4.5.5/httpclient-4.5.5.jar:/Users/samuel.lucas/.m2/repository/org/apache/httpcomponents/httpcore/4.4.9/httpcore-4.4.9.jar:/Users/samuel.lucas/.m2/repository/commons-codec/commons-codec/1.10/commons-codec-1.10.jar:/Users/samuel.lucas/.m2/repository/org/apache/httpcomponents/httpmime/4.5.5/httpmime-4.5.5.jar:/Users/samuel.lucas/.m2/repository/org/slf4j/jcl-over-slf4j/1.7.25/jcl-over-slf4j-1.7.25.jar:/Users/samuel.lucas/.m2/repository/net/masterthought/cucumber-reporting/3.8.0/cucumber-reporting-3.8.0.jar:/Users/samuel.lucas/.m2/repository/org/apache/logging/log4j/log4j-api/2.6/log4j-api-2.6.jar:/Users/samuel.lucas/.m2/repository/org/apache/logging/log4j/log4j-core/2.6/log4j-core-2.6.jar:/Users/samuel.lucas/.m2/repository/com/fasterxml/jackson/core/jackson-databind/2.8.5/jackson-databind-2.8.5.jar:/Users/samuel.lucas/.m2/repository/com/fasterxml/jackson/core/jackson-annotations/2.8.0/jackson-annotations-2.8.0.jar:/Users/samuel.lucas/.m2/repository/com/fasterxml/jackson/core/jackson-core/2.8.5/jackson-core-2.8.5.jar:/Users/samuel.lucas/.m2/repository/org/apache/velocity/velocity/1.7/velocity-1.7.jar:/Users/samuel.lucas/.m2/repository/commons-collections/commons-collections/3.2.1/commons-collections-3.2.1.jar:/Users/samuel.lucas/.m2/repository/commons-lang/commons-lang/2.4/commons-lang-2.4.jar:/Users/samuel.lucas/.m2/repository/velocity-tools/velocity-tools/1.4/velocity-tools-1.4.jar:/Users/samuel.lucas/.m2/repository/org/apache/commons/commons-lang3/3.5/commons-lang3-3.5.jar:/Users/samuel.lucas/.m2/repository/net/lingala/zip4j/zip4j/1.3.2/zip4j-1.3.2.jar:/Users/samuel.lucas/.m2/repository/org/codehaus/plexus/plexus-utils/3.0.24/plexus-utils-3.0.24.jar:/Users/samuel.lucas/.m2/repository/org/jsoup/jsoup/1.10.1/jsoup-1.10.1.jar:/Users/samuel.lucas/.m2/repository/com/googlecode/owasp-java-html-sanitizer/owasp-java-html-sanitizer/20160924.1/owasp-java-html-sanitizer-20160924.1.jar:/Users/samuel.lucas/.m2/repository/com/google/guava/guava/20.0/guava-20.0.jar:/Users/samuel.lucas/.m2/repository/org/apache/activemq/activemq-broker/5.15.6/activemq-broker-5.15.6.jar:/Users/samuel.lucas/.m2/repository/org/apache/activemq/activemq-openwire-legacy/5.15.6/activemq-openwire-legacy-5.15.6.jar:/Users/samuel.lucas/.m2/repository/org/apache/activemq/activemq-client/5.15.6/activemq-client-5.15.6.jar:/Users/samuel.lucas/.m2/repository/org/slf4j/slf4j-api/1.7.25/slf4j-api-1.7.25.jar:/Users/samuel.lucas/.m2/repository/org/fusesource/hawtbuf/hawtbuf/1.11/hawtbuf-1.11.jar:/Users/samuel.lucas/.m2/repository/org/apache/geronimo/specs/geronimo-j2ee-management_1.1_spec/1.0.1/geronimo-j2ee-management_1.1_spec-1.0.1.jar:/Users/samuel.lucas/.m2/repository/org/apache/activemq/activemq-kahadb-store/5.15.6/activemq-kahadb-store-5.15.6.jar:/Users/samuel.lucas/.m2/repository/org/apache/activemq/protobuf/activemq-protobuf/1.1/activemq-protobuf-1.1.jar:/Users/samuel.lucas/.m2/repository/commons-net/commons-net/3.6/commons-net-3.6.jar:/Users/samuel.lucas/.m2/repository/org/apache/geronimo/specs/geronimo-jms_1.1_spec/1.1.1/geronimo-jms_1.1_spec-1.1.1.jar:/Users/samuel.lucas/.m2/repository/ch/qos/logback/logback-classic/1.2.3/logback-classic-1.2.3.jar:/Users/samuel.lucas/.m2/repository/ch/qos/logback/logback-core/1.2.3/logback-core-1.2.3.jar:/Users/samuel.lucas/.m2/repository/net/sourceforge/cobertura/cobertura/2.1.1/cobertura-2.1.1.jar:/Users/samuel.lucas/.m2/repository/jaxen/jaxen/1.1.4/jaxen-1.1.4.jar:/Users/samuel.lucas/.m2/repository/org/apache/ant/ant/1.8.3/ant-1.8.3.jar:/Users/samuel.lucas/.m2/repository/org/apache/ant/ant-launcher/1.8.3/ant-launcher-1.8.3.jar:/Users/samuel.lucas/.m2/repository/org/apache/ant/ant-junit/1.8.3/ant-junit-1.8.3.jar:/Users/samuel.lucas/.m2/repository/org/mortbay/jetty/servlet-api-2.5/6.1.14/servlet-api-2.5-6.1.14.jar:/Users/samuel.lucas/.m2/repository/org/mortbay/jetty/jetty/6.1.14/jetty-6.1.14.jar:/Users/samuel.lucas/.m2/repository/org/mortbay/jetty/jetty-util/6.1.14/jetty-util-6.1.14.jar:/Library/Java/JavaVirtualMachines/jdk1.8.0_181.jdk/Contents/Home/jre/../lib/tools.jar:"/>
    <property name="sun.cpu.endian" value="little"/>
    <property name="user.home" value="/Users/samuel.lucas"/>
    <property name="user.language" value="en"/>
    <property name="java.specification.vendor" value="Oracle Corporation"/>
    <property name="java.home" value="/Library/Java/JavaVirtualMachines/jdk1.8.0_181.jdk/Contents/Home/jre"/>
    <property name="basedir" value="/Users/samuel.lucas/projetos-automacao/karate/karate-demo"/>
    <property name="file.separator" value="/"/>
    <property name="line.separator" value="&#10;"/>
    <property name="java.vm.specification.vendor" value="Oracle Corporation"/>
    <property name="java.specification.name" value="Java Platform API Specification"/>
    <property name="java.awt.graphicsenv" value="sun.awt.CGraphicsEnvironment"/>
    <property name="surefire.real.class.path" value="/Users/samuel.lucas/projetos-automacao/karate/karate-demo/target/surefire/surefirebooter2371314280663844403.jar"/>
    <property name="sun.boot.class.path" value="/Library/Java/JavaVirtualMachines/jdk1.8.0_181.jdk/Contents/Home/jre/lib/resources.jar:/Library/Java/JavaVirtualMachines/jdk1.8.0_181.jdk/Contents/Home/jre/lib/rt.jar:/Library/Java/JavaVirtualMachines/jdk1.8.0_181.jdk/Contents/Home/jre/lib/sunrsasign.jar:/Library/Java/JavaVirtualMachines/jdk1.8.0_181.jdk/Contents/Home/jre/lib/jsse.jar:/Library/Java/JavaVirtualMachines/jdk1.8.0_181.jdk/Contents/Home/jre/lib/jce.jar:/Library/Java/JavaVirtualMachines/jdk1.8.0_181.jdk/Contents/Home/jre/lib/charsets.jar:/Library/Java/JavaVirtualMachines/jdk1.8.0_181.jdk/Contents/Home/jre/lib/jfr.jar:/Library/Java/JavaVirtualMachines/jdk1.8.0_181.jdk/Contents/Home/jre/classes"/>
    <property name="sun.management.compiler" value="HotSpot 64-Bit Tiered Compilers"/>
    <property name="ftp.nonProxyHosts" value="local|*.local|169.254/16|*.169.254/16"/>
    <property name="java.runtime.version" value="1.8.0_181-b13"/>
    <property name="user.name" value="samuel.lucas"/>
    <property name="path.separator" value=":"/>
    <property name="os.version" value="10.13.6"/>
    <property name="java.endorsed.dirs" value="/Library/Java/JavaVirtualMachines/jdk1.8.0_181.jdk/Contents/Home/jre/lib/endorsed"/>
    <property name="java.runtime.name" value="Java(TM) SE Runtime Environment"/>
    <property name="file.encoding" value="UTF-8"/>
    <property name="java.vm.name" value="Java HotSpot(TM) 64-Bit Server VM"/>
    <property name="localRepository" value="/Users/samuel.lucas/.m2/repository"/>
    <property name="java.vendor.url.bug" value="http://bugreport.sun.com/bugreport/"/>
    <property name="java.io.tmpdir" value="/var/folders/6j/3n5gs88s363959fthpkj63kh0000gr/T/"/>
    <property name="java.version" value="1.8.0_181"/>
    <property name="user.dir" value="/Users/samuel.lucas/projetos-automacao/karate/karate-demo"/>
    <property name="os.arch" value="x86_64"/>
    <property name="java.vm.specification.name" value="Java Virtual Machine Specification"/>
    <property name="java.awt.printerjob" value="sun.lwawt.macosx.CPrinterJob"/>
    <property name="sun.os.patch.level" value="unknown"/>
    <property name="java.library.path" value="/Users/samuel.lucas/Library/Java/Extensions:/Library/Java/Extensions:/Network/Library/Java/Extensions:/System/Library/Java/Extensions:/usr/lib/java:."/>
    <property name="java.vm.info" value="mixed mode"/>
    <property name="java.vendor" value="Oracle Corporation"/>
    <property name="java.vm.version" value="25.181-b13"/>
    <property name="java.ext.dirs" value="/Users/samuel.lucas/Library/Java/Extensions:/Library/Java/JavaVirtualMachines/jdk1.8.0_181.jdk/Contents/Home/jre/lib/ext:/Library/Java/Extensions:/Network/Library/Java/Extensions:/System/Library/Java/Extensions:/usr/lib/java"/>
    <property name="sun.io.unicode.encoding" value="UnicodeBig"/>
    <property name="java.class.version" value="52.0"/>
    <property name="socksNonProxyHosts" value="local|*.local|169.254/16|*.169.254/16"/>
  </properties>
  <testcase name="testPaymentCreate" classname="mock.contract.ConsumerUsingProxyRewriteSslTest" time="0.227"/>
</testsuite>